This file contains any messages produced by compilers while
running configure, to aid debugging if configure makes a mistake.

configure:548: checking host system type
configure:585: checking for gcc
configure:662: checking whether the C compiler (gcc  ) works
configure:676: gcc -o conftest    conftest.c  1>&5
configure:696: checking whether the C compiler (gcc  ) is a cross-compiler
configure:701: checking whether we are using GNU C
configure:725: checking whether gcc accepts -g
configure:755: checking for ranlib
configure:783: checking for pthread_create in -lpthread
configure:885: checking for t_open in -lnsl
configure:932: checking for socket in -lsocket
configure:980: checking for /usr/local/bind/lib/libbind.a
configure:987: checking for /root/libbind.a
configure:994: checking for /root/libresolv.a
configure:1001: checking for res_init in -lresolv
configure:1052: checking for t_open in -lxti
configure:1100: checking for /root/libunp.a
configure:1112: checking for /root/libunpxti.a
configure:1124: checking how to run the C preprocessor
configure:1185: checking for ANSI C header files
configure:1292: checking for sys/types.h
configure:1292: checking for sys/socket.h
configure:1292: checking for sys/time.h
configure:1292: checking for time.h
configure:1292: checking for netinet/in.h
configure:1292: checking for arpa/inet.h
configure:1292: checking for errno.h
configure:1292: checking for fcntl.h
configure:1292: checking for netdb.h
configure:1292: checking for signal.h
configure:1292: checking for stdio.h
configure:1292: checking for stdlib.h
configure:1292: checking for string.h
configure:1292: checking for sys/stat.h
configure:1292: checking for sys/uio.h
configure:1292: checking for unistd.h
configure:1292: checking for sys/wait.h
configure:1292: checking for sys/un.h
configure:1292: checking for sys/select.h
configure:1292: checking for poll.h
configure:1292: checking for strings.h
configure:1292: checking for sys/ioctl.h
configure:1292: checking for sys/filio.h
configure:1292: checking for sys/sockio.h
configure:1292: checking for pthread.h
configure:1292: checking for sys/sysctl.h
configure:1292: checking for poll.h
configure:1292: checking for xti.h
configure:1292: checking for xti_inet.h
configure:1292: checking for netconfig.h
configure:1292: checking for netdir.h
configure:1292: checking for stropts.h
configure:1330: checking whether time.h and sys/time.h may both be included
configure:1365: checking if uint8_t defined
configure:1468: checking if int16_t defined
configure:1571: checking if uint16_t defined
configure:1674: checking if int32_t defined
configure:1777: checking if uint32_t defined
configure:1880: checking if size_t defined
configure:1983: checking if ssize_t defined
configure:2086: checking if socklen_t defined
configure:2189: checking if sa_family_t defined
configure:2293: checking if t_scalar_t defined
configure:2411: checking if t_uscalar_t defined
configure:2530: checking if sockaddr{} has sa_len member
configure:2579: checking if msghdr{} has msg_control member
configure:2614: checking for getaddrinfo function prototype in netdb.h
configure:2645: checking for getnameinfo function prototype in netdb.h
configure:2676: checking for gethostname function prototype in unistd.h
configure:2707: checking for getrusage function prototype in sys/resource.h
configure:2738: checking for hstrerror function prototype in netdb.h
configure:2769: checking for if_nametoindex function prototype in net/if.h
configure:2800: checking for inet_aton function prototype in arpa/inet.h
configure:2831: checking for inet_pton function prototype in arpa/inet.h
configure:2862: checking for isfdtype function prototype in sys/stat.h
configure:2893: checking for pselect function prototype in sys/select.h
configure:2924: checking for snprintf function prototype in stdio.h
configure:2955: checking for sockatmark function prototype in sys/socket.h
configure:2987: checking for addrinfo{}
configure:3017: checking for if_nameindex{}
configure:3047: checking for sockaddr_dl{}
configure:3077: checking for timespec{}
configure:3107: checking for /dev/tcp
configure:3118: checking for /dev/xti/tcp
configure:3129: checking for /dev/streams/xtiso/tcp
configure:3145: checking for bzero
configure:3200: checking for getaddrinfo
configure:3255: checking for gethostname
configure:3310: checking for gethostbyname2
configure:3365: checking for gethostbyname_r
configure:3420: checking for getnameinfo
configure:3475: checking for hstrerror
configure:3530: checking for if_nametoindex
configure:3585: checking for inet_aton
configure:3640: checking for inet_pton
configure:3695: checking for isfdtype
configure:3750: checking for poll
configure:3805: checking for pselect
configure:3860: checking for snprintf
configure:3915: checking for sockatmark
configure:3970: checking for vsnprintf
configure:4025: checking for IPv4 support
configure:4077: checking for IPv6 support
configure:4129: checking for Unix domain sockets
configure:4181: checking for multicast support
configure:4356: checking for -I/root/doc/unp2ev1/src/include
